<?xml version='1.0' encoding='UTF-8'?>
<testsuite hostname="0587336051.wireless.umich.net" name="StringSpecification-1" tests="1" errors="0" failures="1" skipped="0" time="-0.001" timestamp="2019-01-08T13:38:21">
                     <properties>
[...]
</properties>
                     <testcase classname="StringSpecification-1" name="concatenate" time="-0.001">
                                                 <failure message="Falsified after 0 passed tests.
&gt; ARG_0: &quot;&quot;
&gt; ARG_1: &quot;&quot;" type="java.lang.Exception">java.lang.Exception: Falsified after 0 passed tests.
&gt; ARG_0: &quot;&quot;
&gt; ARG_1: &quot;&quot;
	at org.scalacheck.ScalaCheckRunner$$anon$2$$anon$6.&lt;init&gt;(ScalaCheckFramework.scala:136)
	at org.scalacheck.ScalaCheckRunner$$anon$2.executeInternal(ScalaCheckFramework.scala:125)
	at org.scalacheck.ScalaCheckRunner$$anon$2.$anonfun$execute$8(ScalaCheckFramework.scala:109)
	at org.scalacheck.ScalaCheckRunner$$anon$2.$anonfun$execute$8$adapted(ScalaCheckFramework.scala:108)
	at scala.collection.TraversableLike$WithFilter.$anonfun$foreach$1(TraversableLike.scala:792)
	at scala.collection.immutable.List.foreach(List.scala:392)
	at scala.collection.generic.TraversableForwarder.foreach(TraversableForwarder.scala:38)
	at scala.collection.generic.TraversableForwarder.foreach$(TraversableForwarder.scala:38)
	at scala.collection.mutable.ListBuffer.foreach(ListBuffer.scala:47)
	at scala.collection.TraversableLike$WithFilter.foreach(TraversableLike.scala:791)
	at org.scalacheck.ScalaCheckRunner$$anon$2.$anonfun$execute$6(ScalaCheckFramework.scala:108)
	at org.scalacheck.ScalaCheckRunner$$anon$2.$anonfun$execute$6$adapted(ScalaCheckFramework.scala:107)
	at scala.collection.IndexedSeqOptimized.foreach(IndexedSeqOptimized.scala:36)
	at scala.collection.IndexedSeqOptimized.foreach$(IndexedSeqOptimized.scala:33)
	at scala.collection.mutable.ArrayOps$ofRef.foreach(ArrayOps.scala:198)
	at org.scalacheck.ScalaCheckRunner$$anon$2.execute(ScalaCheckFramework.scala:107)
	at sbt.TestRunner.runTest$1(TestFramework.scala:113)
	at sbt.TestRunner.run(TestFramework.scala:124)
	at sbt.TestFramework$$anon$2$$anonfun$$lessinit$greater$1.$anonfun$apply$1(TestFramework.scala:282)
	at sbt.TestFramework$.sbt$TestFramework$$withContextLoader(TestFramework.scala:246)
	at sbt.TestFramework$$anon$2$$anonfun$$lessinit$greater$1.apply(TestFramework.scala:282)
	at sbt.TestFramework$$anon$2$$anonfun$$lessinit$greater$1.apply(TestFramework.scala:282)
	at sbt.TestFunction.apply(TestFramework.scala:294)
	at sbt.Tests$.$anonfun$toTask$1(Tests.scala:309)
	at sbt.std.Transform$$anon$3.$anonfun$apply$2(System.scala:46)
	at sbt.std.Transform$$anon$4.work(System.scala:67)
	at sbt.Execute.$anonfun$submit$2(Execute.scala:269)
	at sbt.internal.util.ErrorHandling$.wideConvert(ErrorHandling.scala:16)
	at sbt.Execute.work(Execute.scala:278)
	at sbt.Execute.$anonfun$submit$1(Execute.scala:269)
	at sbt.ConcurrentRestrictions$$anon$4.$anonfun$submitValid$1(ConcurrentRestrictions.scala:178)
	at sbt.CompletionService$$anon$2.call(CompletionService.scala:37)
	at java.util.concurrent.FutureTask.run(FutureTask.java:266)
	at java.util.concurrent.Executors$RunnableAdapter.call(Executors.java:511)
	at java.util.concurrent.FutureTask.run(FutureTask.java:266)
	at java.util.concurrent.ThreadPoolExecutor.runWorker(ThreadPoolExecutor.java:1149)
	at java.util.concurrent.ThreadPoolExecutor$Worker.run(ThreadPoolExecutor.java:624)
	at java.lang.Thread.run(Thread.java:748)
</failure>
                                               </testcase>
                     <system-out><![CDATA[]]></system-out>
                     <system-err><![CDATA[]]></system-err>
                   </testsuite>